The system is: Linux - 4.19.0-xilinx-v2019.2 - aarch64
Compiling the C compiler identification source file "CMakeCCompilerId.c" succeeded.
Compiler: /usr/bin/cc 
Build flags: 
Id flags: 

The output was:
0


Compilation of the C compiler identification source "CMakeCCompilerId.c" produced "a.out"

The C compiler identification is GNU, found in "/home/HGCAL_dev/sw/hexactrl-sw/build/CMakeFiles/2.8.12.2/CompilerIdC/a.out"

Compiling the CXX compiler identification source file "CMakeCXXCompilerId.cpp" succeeded.
Compiler: /usr/bin/c++ 
Build flags: 
Id flags: 

The output was:
0


Compilation of the CXX compiler identification source "CMakeCXXCompilerId.cpp" produced "a.out"

The CXX compiler identification is GNU, found in "/home/HGCAL_dev/sw/hexactrl-sw/build/CMakeFiles/2.8.12.2/CompilerIdCXX/a.out"

Determining if the C compiler works passed with the following output:
Change Dir: /home/HGCAL_dev/sw/hexactrl-sw/build/CMakeFiles/CMakeTmp

Run Build Command:/usr/bin/gmake "cmTryCompileExec1967576899/fast"
/usr/bin/gmake -f CMakeFiles/cmTryCompileExec1967576899.dir/build.make CMakeFiles/cmTryCompileExec1967576899.dir/build
gmake[1]: Entering directory `/home/HGCAL_dev/sw/hexactrl-sw/build/CMakeFiles/CMakeTmp'
/usr/bin/cmake -E cmake_progress_report /home/HGCAL_dev/sw/hexactrl-sw/build/CMakeFiles/CMakeTmp/CMakeFiles 1
Building C object CMakeFiles/cmTryCompileExec1967576899.dir/testCCompiler.c.o
/usr/bin/cc    -o CMakeFiles/cmTryCompileExec1967576899.dir/testCCompiler.c.o   -c /home/HGCAL_dev/sw/hexactrl-sw/build/CMakeFiles/CMakeTmp/testCCompiler.c
Linking C executable cmTryCompileExec1967576899
/usr/bin/cmake -E cmake_link_script CMakeFiles/cmTryCompileExec1967576899.dir/link.txt --verbose=1
/usr/bin/cc       CMakeFiles/cmTryCompileExec1967576899.dir/testCCompiler.c.o  -o cmTryCompileExec1967576899 -rdynamic 
gmake[1]: Leaving directory `/home/HGCAL_dev/sw/hexactrl-sw/build/CMakeFiles/CMakeTmp'


Detecting C compiler ABI info compiled with the following output:
Change Dir: /home/HGCAL_dev/sw/hexactrl-sw/build/CMakeFiles/CMakeTmp

Run Build Command:/usr/bin/gmake "cmTryCompileExec1641163547/fast"
/usr/bin/gmake -f CMakeFiles/cmTryCompileExec1641163547.dir/build.make CMakeFiles/cmTryCompileExec1641163547.dir/build
gmake[1]: Entering directory `/home/HGCAL_dev/sw/hexactrl-sw/build/CMakeFiles/CMakeTmp'
gmake[1]: Warning: File `/usr/share/cmake/Modules/CMakeCCompilerABI.c' has modification time 1389889232 s in the future
/usr/bin/cmake -E cmake_progress_report /home/HGCAL_dev/sw/hexactrl-sw/build/CMakeFiles/CMakeTmp/CMakeFiles 1
Building C object CMakeFiles/cmTryCompileExec1641163547.dir/CMakeCCompilerABI.c.o
/usr/bin/cc    -o CMakeFiles/cmTryCompileExec1641163547.dir/CMakeCCompilerABI.c.o   -c /usr/share/cmake/Modules/CMakeCCompilerABI.c
Linking C executable cmTryCompileExec1641163547
/usr/bin/cmake -E cmake_link_script CMakeFiles/cmTryCompileExec1641163547.dir/link.txt --verbose=1
/usr/bin/cc     -v CMakeFiles/cmTryCompileExec1641163547.dir/CMakeCCompilerABI.c.o  -o cmTryCompileExec1641163547 -rdynamic  
Using built-in specs.
COLLECT_GCC=/usr/bin/cc
COLLECT_LTO_WRAPPER=/usr/libexec/gcc/aarch64-redhat-linux/4.8.5/lto-wrapper
Target: aarch64-redhat-linux
Configured with: ../configure --prefix=/usr --mandir=/usr/share/man --infodir=/usr/share/info --with-bugurl=http://bugzilla.redhat.com/bugzilla --enable-bootstrap --enable-shared --enable-threads=posix --enable-checking=release --with-system-zlib --enable-__cxa_atexit --disable-libunwind-exceptions --enable-gnu-unique-object --enable-linker-build-id --with-linker-hash-style=gnu --enable-languages=c,c++,objc,obj-c++,java,fortran,ada,lto --enable-plugin --enable-initfini-array --disable-libgcj --with-isl=/builddir/build/BUILD/gcc-4.8.5-20150702/obj-aarch64-redhat-linux/isl-install --with-cloog=/builddir/build/BUILD/gcc-4.8.5-20150702/obj-aarch64-redhat-linux/cloog-install --enable-gnu-indirect-function --build=aarch64-redhat-linux
Thread model: posix
gcc version 4.8.5 20150623 (Red Hat 4.8.5-44) (GCC) 
COMPILER_PATH=/usr/libexec/gcc/aarch64-redhat-linux/4.8.5/:/usr/libexec/gcc/aarch64-redhat-linux/4.8.5/:/usr/libexec/gcc/aarch64-redhat-linux/:/usr/lib/gcc/aarch64-redhat-linux/4.8.5/:/usr/lib/gcc/aarch64-redhat-linux/
LIBRARY_PATH=/usr/lib/gcc/aarch64-redhat-linux/4.8.5/:/usr/lib/gcc/aarch64-redhat-linux/4.8.5/../../../../lib64/:/lib/../lib64/:/usr/lib/../lib64/:/usr/lib/gcc/aarch64-redhat-linux/4.8.5/../../../:/lib/:/usr/lib/
COLLECT_GCC_OPTIONS='-v' '-o' 'cmTryCompileExec1641163547' '-rdynamic'
 /usr/libexec/gcc/aarch64-redhat-linux/4.8.5/collect2 --build-id --no-add-needed --eh-frame-hdr --hash-style=gnu -export-dynamic -dynamic-linker /lib/ld-linux-aarch64.so.1 -X -o cmTryCompileExec1641163547 /usr/lib/gcc/aarch64-redhat-linux/4.8.5/../../../../lib64/crt1.o /usr/lib/gcc/aarch64-redhat-linux/4.8.5/../../../../lib64/crti.o /usr/lib/gcc/aarch64-redhat-linux/4.8.5/crtbegin.o -L/usr/lib/gcc/aarch64-redhat-linux/4.8.5 -L/usr/lib/gcc/aarch64-redhat-linux/4.8.5/../../../../lib64 -L/lib/../lib64 -L/usr/lib/../lib64 -L/usr/lib/gcc/aarch64-redhat-linux/4.8.5/../../.. CMakeFiles/cmTryCompileExec1641163547.dir/CMakeCCompilerABI.c.o -lgcc --as-needed -lgcc_s --no-as-needed -lc -lgcc --as-needed -lgcc_s --no-as-needed /usr/lib/gcc/aarch64-redhat-linux/4.8.5/crtend.o /usr/lib/gcc/aarch64-redhat-linux/4.8.5/../../../../lib64/crtn.o
gmake[1]: Leaving directory `/home/HGCAL_dev/sw/hexactrl-sw/build/CMakeFiles/CMakeTmp'
gmake[1]: warning:  Clock skew detected.  Your build may be incomplete.


Parsed C implicit link information from above output:
  link line regex: [^( *|.*[/\])(ld|([^/\]+-)?ld|collect2)[^/\]*( |$)]
  ignore line: [Change Dir: /home/HGCAL_dev/sw/hexactrl-sw/build/CMakeFiles/CMakeTmp]
  ignore line: []
  ignore line: [Run Build Command:/usr/bin/gmake "cmTryCompileExec1641163547/fast"]
  ignore line: [/usr/bin/gmake -f CMakeFiles/cmTryCompileExec1641163547.dir/build.make CMakeFiles/cmTryCompileExec1641163547.dir/build]
  ignore line: [gmake[1]: Entering directory `/home/HGCAL_dev/sw/hexactrl-sw/build/CMakeFiles/CMakeTmp']
  ignore line: [gmake[1]: Warning: File `/usr/share/cmake/Modules/CMakeCCompilerABI.c' has modification time 1389889232 s in the future]
  ignore line: [/usr/bin/cmake -E cmake_progress_report /home/HGCAL_dev/sw/hexactrl-sw/build/CMakeFiles/CMakeTmp/CMakeFiles 1]
  ignore line: [Building C object CMakeFiles/cmTryCompileExec1641163547.dir/CMakeCCompilerABI.c.o]
  ignore line: [/usr/bin/cc    -o CMakeFiles/cmTryCompileExec1641163547.dir/CMakeCCompilerABI.c.o   -c /usr/share/cmake/Modules/CMakeCCompilerABI.c]
  ignore line: [Linking C executable cmTryCompileExec1641163547]
  ignore line: [/usr/bin/cmake -E cmake_link_script CMakeFiles/cmTryCompileExec1641163547.dir/link.txt --verbose=1]
  ignore line: [/usr/bin/cc     -v CMakeFiles/cmTryCompileExec1641163547.dir/CMakeCCompilerABI.c.o  -o cmTryCompileExec1641163547 -rdynamic  ]
  ignore line: [Using built-in specs.]
  ignore line: [COLLECT_GCC=/usr/bin/cc]
  ignore line: [COLLECT_LTO_WRAPPER=/usr/libexec/gcc/aarch64-redhat-linux/4.8.5/lto-wrapper]
  ignore line: [Target: aarch64-redhat-linux]
  ignore line: [Configured with: ../configure --prefix=/usr --mandir=/usr/share/man --infodir=/usr/share/info --with-bugurl=http://bugzilla.redhat.com/bugzilla --enable-bootstrap --enable-shared --enable-threads=posix --enable-checking=release --with-system-zlib --enable-__cxa_atexit --disable-libunwind-exceptions --enable-gnu-unique-object --enable-linker-build-id --with-linker-hash-style=gnu --enable-languages=c,c++,objc,obj-c++,java,fortran,ada,lto --enable-plugin --enable-initfini-array --disable-libgcj --with-isl=/builddir/build/BUILD/gcc-4.8.5-20150702/obj-aarch64-redhat-linux/isl-install --with-cloog=/builddir/build/BUILD/gcc-4.8.5-20150702/obj-aarch64-redhat-linux/cloog-install --enable-gnu-indirect-function --build=aarch64-redhat-linux]
  ignore line: [Thread model: posix]
  ignore line: [gcc version 4.8.5 20150623 (Red Hat 4.8.5-44) (GCC) ]
  ignore line: [COMPILER_PATH=/usr/libexec/gcc/aarch64-redhat-linux/4.8.5/:/usr/libexec/gcc/aarch64-redhat-linux/4.8.5/:/usr/libexec/gcc/aarch64-redhat-linux/:/usr/lib/gcc/aarch64-redhat-linux/4.8.5/:/usr/lib/gcc/aarch64-redhat-linux/]
  ignore line: [LIBRARY_PATH=/usr/lib/gcc/aarch64-redhat-linux/4.8.5/:/usr/lib/gcc/aarch64-redhat-linux/4.8.5/../../../../lib64/:/lib/../lib64/:/usr/lib/../lib64/:/usr/lib/gcc/aarch64-redhat-linux/4.8.5/../../../:/lib/:/usr/lib/]
  ignore line: [COLLECT_GCC_OPTIONS='-v' '-o' 'cmTryCompileExec1641163547' '-rdynamic']
  link line: [ /usr/libexec/gcc/aarch64-redhat-linux/4.8.5/collect2 --build-id --no-add-needed --eh-frame-hdr --hash-style=gnu -export-dynamic -dynamic-linker /lib/ld-linux-aarch64.so.1 -X -o cmTryCompileExec1641163547 /usr/lib/gcc/aarch64-redhat-linux/4.8.5/../../../../lib64/crt1.o /usr/lib/gcc/aarch64-redhat-linux/4.8.5/../../../../lib64/crti.o /usr/lib/gcc/aarch64-redhat-linux/4.8.5/crtbegin.o -L/usr/lib/gcc/aarch64-redhat-linux/4.8.5 -L/usr/lib/gcc/aarch64-redhat-linux/4.8.5/../../../../lib64 -L/lib/../lib64 -L/usr/lib/../lib64 -L/usr/lib/gcc/aarch64-redhat-linux/4.8.5/../../.. CMakeFiles/cmTryCompileExec1641163547.dir/CMakeCCompilerABI.c.o -lgcc --as-needed -lgcc_s --no-as-needed -lc -lgcc --as-needed -lgcc_s --no-as-needed /usr/lib/gcc/aarch64-redhat-linux/4.8.5/crtend.o /usr/lib/gcc/aarch64-redhat-linux/4.8.5/../../../../lib64/crtn.o]
    arg [/usr/libexec/gcc/aarch64-redhat-linux/4.8.5/collect2] ==> ignore
    arg [--build-id] ==> ignore
    arg [--no-add-needed] ==> ignore
    arg [--eh-frame-hdr] ==> ignore
    arg [--hash-style=gnu] ==> ignore
    arg [-export-dynamic] ==> ignore
    arg [-dynamic-linker] ==> ignore
    arg [/lib/ld-linux-aarch64.so.1] ==> ignore
    arg [-X] ==> ignore
    arg [-o] ==> ignore
    arg [cmTryCompileExec1641163547] ==> ignore
    arg [/usr/lib/gcc/aarch64-redhat-linux/4.8.5/../../../../lib64/crt1.o] ==> ignore
    arg [/usr/lib/gcc/aarch64-redhat-linux/4.8.5/../../../../lib64/crti.o] ==> ignore
    arg [/usr/lib/gcc/aarch64-redhat-linux/4.8.5/crtbegin.o] ==> ignore
    arg [-L/usr/lib/gcc/aarch64-redhat-linux/4.8.5] ==> dir [/usr/lib/gcc/aarch64-redhat-linux/4.8.5]
    arg [-L/usr/lib/gcc/aarch64-redhat-linux/4.8.5/../../../../lib64] ==> dir [/usr/lib/gcc/aarch64-redhat-linux/4.8.5/../../../../lib64]
    arg [-L/lib/../lib64] ==> dir [/lib/../lib64]
    arg [-L/usr/lib/../lib64] ==> dir [/usr/lib/../lib64]
    arg [-L/usr/lib/gcc/aarch64-redhat-linux/4.8.5/../../..] ==> dir [/usr/lib/gcc/aarch64-redhat-linux/4.8.5/../../..]
    arg [CMakeFiles/cmTryCompileExec1641163547.dir/CMakeCCompilerABI.c.o] ==> ignore
    arg [-lgcc] ==> lib [gcc]
    arg [--as-needed] ==> ignore
    arg [-lgcc_s] ==> lib [gcc_s]
    arg [--no-as-needed] ==> ignore
    arg [-lc] ==> lib [c]
    arg [-lgcc] ==> lib [gcc]
    arg [--as-needed] ==> ignore
    arg [-lgcc_s] ==> lib [gcc_s]
    arg [--no-as-needed] ==> ignore
    arg [/usr/lib/gcc/aarch64-redhat-linux/4.8.5/crtend.o] ==> ignore
    arg [/usr/lib/gcc/aarch64-redhat-linux/4.8.5/../../../../lib64/crtn.o] ==> ignore
  remove lib [gcc]
  remove lib [gcc_s]
  remove lib [gcc]
  remove lib [gcc_s]
  collapse library dir [/usr/lib/gcc/aarch64-redhat-linux/4.8.5] ==> [/usr/lib/gcc/aarch64-redhat-linux/4.8.5]
  collapse library dir [/usr/lib/gcc/aarch64-redhat-linux/4.8.5/../../../../lib64] ==> [/usr/lib64]
  collapse library dir [/lib/../lib64] ==> [/lib64]
  collapse library dir [/usr/lib/../lib64] ==> [/usr/lib64]
  collapse library dir [/usr/lib/gcc/aarch64-redhat-linux/4.8.5/../../..] ==> [/usr/lib]
  implicit libs: [c]
  implicit dirs: [/usr/lib/gcc/aarch64-redhat-linux/4.8.5;/usr/lib64;/lib64;/usr/lib]
  implicit fwks: []


Determining if the CXX compiler works passed with the following output:
Change Dir: /home/HGCAL_dev/sw/hexactrl-sw/build/CMakeFiles/CMakeTmp

Run Build Command:/usr/bin/gmake "cmTryCompileExec642780275/fast"
/usr/bin/gmake -f CMakeFiles/cmTryCompileExec642780275.dir/build.make CMakeFiles/cmTryCompileExec642780275.dir/build
gmake[1]: Entering directory `/home/HGCAL_dev/sw/hexactrl-sw/build/CMakeFiles/CMakeTmp'
/usr/bin/cmake -E cmake_progress_report /home/HGCAL_dev/sw/hexactrl-sw/build/CMakeFiles/CMakeTmp/CMakeFiles 1
Building CXX object CMakeFiles/cmTryCompileExec642780275.dir/testCXXCompiler.cxx.o
/usr/bin/c++     -o CMakeFiles/cmTryCompileExec642780275.dir/testCXXCompiler.cxx.o -c /home/HGCAL_dev/sw/hexactrl-sw/build/CMakeFiles/CMakeTmp/testCXXCompiler.cxx
Linking CXX executable cmTryCompileExec642780275
/usr/bin/cmake -E cmake_link_script CMakeFiles/cmTryCompileExec642780275.dir/link.txt --verbose=1
/usr/bin/c++        CMakeFiles/cmTryCompileExec642780275.dir/testCXXCompiler.cxx.o  -o cmTryCompileExec642780275 -rdynamic 
gmake[1]: Leaving directory `/home/HGCAL_dev/sw/hexactrl-sw/build/CMakeFiles/CMakeTmp'


Detecting CXX compiler ABI info compiled with the following output:
Change Dir: /home/HGCAL_dev/sw/hexactrl-sw/build/CMakeFiles/CMakeTmp

Run Build Command:/usr/bin/gmake "cmTryCompileExec3836376600/fast"
/usr/bin/gmake -f CMakeFiles/cmTryCompileExec3836376600.dir/build.make CMakeFiles/cmTryCompileExec3836376600.dir/build
gmake[1]: Entering directory `/home/HGCAL_dev/sw/hexactrl-sw/build/CMakeFiles/CMakeTmp'
gmake[1]: Warning: File `/usr/share/cmake/Modules/CMakeCXXCompilerABI.cpp' has modification time 1389889231 s in the future
/usr/bin/cmake -E cmake_progress_report /home/HGCAL_dev/sw/hexactrl-sw/build/CMakeFiles/CMakeTmp/CMakeFiles 1
Building CXX object CMakeFiles/cmTryCompileExec3836376600.dir/CMakeCXXCompilerABI.cpp.o
/usr/bin/c++     -o CMakeFiles/cmTryCompileExec3836376600.dir/CMakeCXXCompilerABI.cpp.o -c /usr/share/cmake/Modules/CMakeCXXCompilerABI.cpp
Linking CXX executable cmTryCompileExec3836376600
/usr/bin/cmake -E cmake_link_script CMakeFiles/cmTryCompileExec3836376600.dir/link.txt --verbose=1
/usr/bin/c++      -v CMakeFiles/cmTryCompileExec3836376600.dir/CMakeCXXCompilerABI.cpp.o  -o cmTryCompileExec3836376600 -rdynamic  
Using built-in specs.
COLLECT_GCC=/usr/bin/c++
COLLECT_LTO_WRAPPER=/usr/libexec/gcc/aarch64-redhat-linux/4.8.5/lto-wrapper
Target: aarch64-redhat-linux
Configured with: ../configure --prefix=/usr --mandir=/usr/share/man --infodir=/usr/share/info --with-bugurl=http://bugzilla.redhat.com/bugzilla --enable-bootstrap --enable-shared --enable-threads=posix --enable-checking=release --with-system-zlib --enable-__cxa_atexit --disable-libunwind-exceptions --enable-gnu-unique-object --enable-linker-build-id --with-linker-hash-style=gnu --enable-languages=c,c++,objc,obj-c++,java,fortran,ada,lto --enable-plugin --enable-initfini-array --disable-libgcj --with-isl=/builddir/build/BUILD/gcc-4.8.5-20150702/obj-aarch64-redhat-linux/isl-install --with-cloog=/builddir/build/BUILD/gcc-4.8.5-20150702/obj-aarch64-redhat-linux/cloog-install --enable-gnu-indirect-function --build=aarch64-redhat-linux
Thread model: posix
gcc version 4.8.5 20150623 (Red Hat 4.8.5-44) (GCC) 
COMPILER_PATH=/usr/libexec/gcc/aarch64-redhat-linux/4.8.5/:/usr/libexec/gcc/aarch64-redhat-linux/4.8.5/:/usr/libexec/gcc/aarch64-redhat-linux/:/usr/lib/gcc/aarch64-redhat-linux/4.8.5/:/usr/lib/gcc/aarch64-redhat-linux/
LIBRARY_PATH=/usr/lib/gcc/aarch64-redhat-linux/4.8.5/:/usr/lib/gcc/aarch64-redhat-linux/4.8.5/../../../../lib64/:/lib/../lib64/:/usr/lib/../lib64/:/usr/lib/gcc/aarch64-redhat-linux/4.8.5/../../../:/lib/:/usr/lib/
COLLECT_GCC_OPTIONS='-v' '-o' 'cmTryCompileExec3836376600' '-rdynamic' '-shared-libgcc'
 /usr/libexec/gcc/aarch64-redhat-linux/4.8.5/collect2 --build-id --no-add-needed --eh-frame-hdr --hash-style=gnu -export-dynamic -dynamic-linker /lib/ld-linux-aarch64.so.1 -X -o cmTryCompileExec3836376600 /usr/lib/gcc/aarch64-redhat-linux/4.8.5/../../../../lib64/crt1.o /usr/lib/gcc/aarch64-redhat-linux/4.8.5/../../../../lib64/crti.o /usr/lib/gcc/aarch64-redhat-linux/4.8.5/crtbegin.o -L/usr/lib/gcc/aarch64-redhat-linux/4.8.5 -L/usr/lib/gcc/aarch64-redhat-linux/4.8.5/../../../../lib64 -L/lib/../lib64 -L/usr/lib/../lib64 -L/usr/lib/gcc/aarch64-redhat-linux/4.8.5/../../.. CMakeFiles/cmTryCompileExec3836376600.dir/CMakeCXXCompilerABI.cpp.o -lstdc++ -lm -lgcc_s -lgcc -lc -lgcc_s -lgcc /usr/lib/gcc/aarch64-redhat-linux/4.8.5/crtend.o /usr/lib/gcc/aarch64-redhat-linux/4.8.5/../../../../lib64/crtn.o
gmake[1]: warning:  Clock skew detected.  Your build may be incomplete.
gmake[1]: Leaving directory `/home/HGCAL_dev/sw/hexactrl-sw/build/CMakeFiles/CMakeTmp'


Parsed CXX implicit link information from above output:
  link line regex: [^( *|.*[/\])(ld|([^/\]+-)?ld|collect2)[^/\]*( |$)]
  ignore line: [Change Dir: /home/HGCAL_dev/sw/hexactrl-sw/build/CMakeFiles/CMakeTmp]
  ignore line: []
  ignore line: [Run Build Command:/usr/bin/gmake "cmTryCompileExec3836376600/fast"]
  ignore line: [/usr/bin/gmake -f CMakeFiles/cmTryCompileExec3836376600.dir/build.make CMakeFiles/cmTryCompileExec3836376600.dir/build]
  ignore line: [gmake[1]: Entering directory `/home/HGCAL_dev/sw/hexactrl-sw/build/CMakeFiles/CMakeTmp']
  ignore line: [gmake[1]: Warning: File `/usr/share/cmake/Modules/CMakeCXXCompilerABI.cpp' has modification time 1389889231 s in the future]
  ignore line: [/usr/bin/cmake -E cmake_progress_report /home/HGCAL_dev/sw/hexactrl-sw/build/CMakeFiles/CMakeTmp/CMakeFiles 1]
  ignore line: [Building CXX object CMakeFiles/cmTryCompileExec3836376600.dir/CMakeCXXCompilerABI.cpp.o]
  ignore line: [/usr/bin/c++     -o CMakeFiles/cmTryCompileExec3836376600.dir/CMakeCXXCompilerABI.cpp.o -c /usr/share/cmake/Modules/CMakeCXXCompilerABI.cpp]
  ignore line: [Linking CXX executable cmTryCompileExec3836376600]
  ignore line: [/usr/bin/cmake -E cmake_link_script CMakeFiles/cmTryCompileExec3836376600.dir/link.txt --verbose=1]
  ignore line: [/usr/bin/c++      -v CMakeFiles/cmTryCompileExec3836376600.dir/CMakeCXXCompilerABI.cpp.o  -o cmTryCompileExec3836376600 -rdynamic  ]
  ignore line: [Using built-in specs.]
  ignore line: [COLLECT_GCC=/usr/bin/c++]
  ignore line: [COLLECT_LTO_WRAPPER=/usr/libexec/gcc/aarch64-redhat-linux/4.8.5/lto-wrapper]
  ignore line: [Target: aarch64-redhat-linux]
  ignore line: [Configured with: ../configure --prefix=/usr --mandir=/usr/share/man --infodir=/usr/share/info --with-bugurl=http://bugzilla.redhat.com/bugzilla --enable-bootstrap --enable-shared --enable-threads=posix --enable-checking=release --with-system-zlib --enable-__cxa_atexit --disable-libunwind-exceptions --enable-gnu-unique-object --enable-linker-build-id --with-linker-hash-style=gnu --enable-languages=c,c++,objc,obj-c++,java,fortran,ada,lto --enable-plugin --enable-initfini-array --disable-libgcj --with-isl=/builddir/build/BUILD/gcc-4.8.5-20150702/obj-aarch64-redhat-linux/isl-install --with-cloog=/builddir/build/BUILD/gcc-4.8.5-20150702/obj-aarch64-redhat-linux/cloog-install --enable-gnu-indirect-function --build=aarch64-redhat-linux]
  ignore line: [Thread model: posix]
  ignore line: [gcc version 4.8.5 20150623 (Red Hat 4.8.5-44) (GCC) ]
  ignore line: [COMPILER_PATH=/usr/libexec/gcc/aarch64-redhat-linux/4.8.5/:/usr/libexec/gcc/aarch64-redhat-linux/4.8.5/:/usr/libexec/gcc/aarch64-redhat-linux/:/usr/lib/gcc/aarch64-redhat-linux/4.8.5/:/usr/lib/gcc/aarch64-redhat-linux/]
  ignore line: [LIBRARY_PATH=/usr/lib/gcc/aarch64-redhat-linux/4.8.5/:/usr/lib/gcc/aarch64-redhat-linux/4.8.5/../../../../lib64/:/lib/../lib64/:/usr/lib/../lib64/:/usr/lib/gcc/aarch64-redhat-linux/4.8.5/../../../:/lib/:/usr/lib/]
  ignore line: [COLLECT_GCC_OPTIONS='-v' '-o' 'cmTryCompileExec3836376600' '-rdynamic' '-shared-libgcc']
  link line: [ /usr/libexec/gcc/aarch64-redhat-linux/4.8.5/collect2 --build-id --no-add-needed --eh-frame-hdr --hash-style=gnu -export-dynamic -dynamic-linker /lib/ld-linux-aarch64.so.1 -X -o cmTryCompileExec3836376600 /usr/lib/gcc/aarch64-redhat-linux/4.8.5/../../../../lib64/crt1.o /usr/lib/gcc/aarch64-redhat-linux/4.8.5/../../../../lib64/crti.o /usr/lib/gcc/aarch64-redhat-linux/4.8.5/crtbegin.o -L/usr/lib/gcc/aarch64-redhat-linux/4.8.5 -L/usr/lib/gcc/aarch64-redhat-linux/4.8.5/../../../../lib64 -L/lib/../lib64 -L/usr/lib/../lib64 -L/usr/lib/gcc/aarch64-redhat-linux/4.8.5/../../.. CMakeFiles/cmTryCompileExec3836376600.dir/CMakeCXXCompilerABI.cpp.o -lstdc++ -lm -lgcc_s -lgcc -lc -lgcc_s -lgcc /usr/lib/gcc/aarch64-redhat-linux/4.8.5/crtend.o /usr/lib/gcc/aarch64-redhat-linux/4.8.5/../../../../lib64/crtn.o]
    arg [/usr/libexec/gcc/aarch64-redhat-linux/4.8.5/collect2] ==> ignore
    arg [--build-id] ==> ignore
    arg [--no-add-needed] ==> ignore
    arg [--eh-frame-hdr] ==> ignore
    arg [--hash-style=gnu] ==> ignore
    arg [-export-dynamic] ==> ignore
    arg [-dynamic-linker] ==> ignore
    arg [/lib/ld-linux-aarch64.so.1] ==> ignore
    arg [-X] ==> ignore
    arg [-o] ==> ignore
    arg [cmTryCompileExec3836376600] ==> ignore
    arg [/usr/lib/gcc/aarch64-redhat-linux/4.8.5/../../../../lib64/crt1.o] ==> ignore
    arg [/usr/lib/gcc/aarch64-redhat-linux/4.8.5/../../../../lib64/crti.o] ==> ignore
    arg [/usr/lib/gcc/aarch64-redhat-linux/4.8.5/crtbegin.o] ==> ignore
    arg [-L/usr/lib/gcc/aarch64-redhat-linux/4.8.5] ==> dir [/usr/lib/gcc/aarch64-redhat-linux/4.8.5]
    arg [-L/usr/lib/gcc/aarch64-redhat-linux/4.8.5/../../../../lib64] ==> dir [/usr/lib/gcc/aarch64-redhat-linux/4.8.5/../../../../lib64]
    arg [-L/lib/../lib64] ==> dir [/lib/../lib64]
    arg [-L/usr/lib/../lib64] ==> dir [/usr/lib/../lib64]
    arg [-L/usr/lib/gcc/aarch64-redhat-linux/4.8.5/../../..] ==> dir [/usr/lib/gcc/aarch64-redhat-linux/4.8.5/../../..]
    arg [CMakeFiles/cmTryCompileExec3836376600.dir/CMakeCXXCompilerABI.cpp.o] ==> ignore
    arg [-lstdc++] ==> lib [stdc++]
    arg [-lm] ==> lib [m]
    arg [-lgcc_s] ==> lib [gcc_s]
    arg [-lgcc] ==> lib [gcc]
    arg [-lc] ==> lib [c]
    arg [-lgcc_s] ==> lib [gcc_s]
    arg [-lgcc] ==> lib [gcc]
    arg [/usr/lib/gcc/aarch64-redhat-linux/4.8.5/crtend.o] ==> ignore
    arg [/usr/lib/gcc/aarch64-redhat-linux/4.8.5/../../../../lib64/crtn.o] ==> ignore
  remove lib [gcc_s]
  remove lib [gcc]
  remove lib [gcc_s]
  remove lib [gcc]
  collapse library dir [/usr/lib/gcc/aarch64-redhat-linux/4.8.5] ==> [/usr/lib/gcc/aarch64-redhat-linux/4.8.5]
  collapse library dir [/usr/lib/gcc/aarch64-redhat-linux/4.8.5/../../../../lib64] ==> [/usr/lib64]
  collapse library dir [/lib/../lib64] ==> [/lib64]
  collapse library dir [/usr/lib/../lib64] ==> [/usr/lib64]
  collapse library dir [/usr/lib/gcc/aarch64-redhat-linux/4.8.5/../../..] ==> [/usr/lib]
  implicit libs: [stdc++;m;c]
  implicit dirs: [/usr/lib/gcc/aarch64-redhat-linux/4.8.5;/usr/lib64;/lib64;/usr/lib]
  implicit fwks: []


Performing C++ SOURCE FILE Test HAVE_FLAG_STD_CXX11 succeded with the following output:
Change Dir: /home/HGCAL_dev/sw/hexactrl-sw/build/CMakeFiles/CMakeTmp

Run Build Command:/usr/bin/gmake "cmTryCompileExec942669783/fast"
/usr/bin/gmake -f CMakeFiles/cmTryCompileExec942669783.dir/build.make CMakeFiles/cmTryCompileExec942669783.dir/build
gmake[1]: Entering directory `/home/HGCAL_dev/sw/hexactrl-sw/build/CMakeFiles/CMakeTmp'
/usr/bin/cmake -E cmake_progress_report /home/HGCAL_dev/sw/hexactrl-sw/build/CMakeFiles/CMakeTmp/CMakeFiles 1
Building CXX object CMakeFiles/cmTryCompileExec942669783.dir/src.cxx.o
/usr/bin/c++    -DHAVE_FLAG_STD_CXX11   -std=c++11 -o CMakeFiles/cmTryCompileExec942669783.dir/src.cxx.o -c /home/HGCAL_dev/sw/hexactrl-sw/build/CMakeFiles/CMakeTmp/src.cxx
Linking CXX executable cmTryCompileExec942669783
/usr/bin/cmake -E cmake_link_script CMakeFiles/cmTryCompileExec942669783.dir/link.txt --verbose=1
/usr/bin/c++    -DHAVE_FLAG_STD_CXX11    CMakeFiles/cmTryCompileExec942669783.dir/src.cxx.o  -o cmTryCompileExec942669783 -rdynamic 
gmake[1]: Leaving directory `/home/HGCAL_dev/sw/hexactrl-sw/build/CMakeFiles/CMakeTmp'

Source file was:
int main() { return 0;}
